<?xml version="1.0" encoding="UTF-8"?>
<!-- Generated by org.testng.reporters.JUnitReportReporter -->
<testsuite skipped="0" hostname="DESKTOP-M5KRGHP" name="com.ddf.test.LoginTest.loginTest_v3" tests="1" failures="0" timestamp="2021-10-09T17:26:02 IST" time="67.914" errors="0">
  <testcase name="testOne" time="67.914" classname="com.ddf.test.LoginTest.loginTest_v3"/>
  <system-out/>
</testsuite> <!-- com.ddf.test.LoginTest.loginTest_v3 -->
