<?xml version="1.0" encoding="UTF-8"?>
<!-- Generated by org.testng.reporters.JUnitReportReporter -->
<testsuite skipped="0" hostname="DESKTOP-M5KRGHP" name="com.ddf.test.LoginTest.loginTest_v2" tests="1" failures="0" timestamp="2021-10-09T14:54:51 IST" time="31.077" errors="0">
  <testcase name="testOne" time="31.077" classname="com.ddf.test.LoginTest.loginTest_v2"/>
  <system-out/>
</testsuite> <!-- com.ddf.test.LoginTest.loginTest_v2 -->
