<?xml version="1.0" encoding="UTF-8"?>
<!-- Generated by org.testng.reporters.JUnitReportReporter -->
<testsuite skipped="0" hostname="DESKTOP-M5KRGHP" name="com.ddf.test.LoginTest.loginTest_v3_1_xml_OR" tests="1" failures="0" timestamp="2021-10-11T17:10:38 IST" time="67.522" errors="0">
  <testcase name="testOne" time="67.522" classname="com.ddf.test.LoginTest.loginTest_v3_1_xml_OR"/>
  <system-out/>
</testsuite> <!-- com.ddf.test.LoginTest.loginTest_v3_1_xml_OR -->
