<?xml version="1.0" encoding="UTF-8"?>
<!-- Generated by org.testng.reporters.JUnitReportReporter -->
<testsuite skipped="0" hostname="DESKTOP-M5KRGHP" name="com.ddf.utils.DateUtils" tests="1" failures="0" timestamp="2021-10-09T17:46:01 IST" time="0.035" errors="0">
  <testcase name="chk" time="0.035" classname="com.ddf.utils.DateUtils"/>
  <system-out/>
</testsuite> <!-- com.ddf.utils.DateUtils -->
