<?xml version="1.0" encoding="UTF-8"?>
<!-- Generated by org.testng.reporters.JUnitReportReporter -->
<testsuite skipped="0" hostname="DESKTOP-M5KRGHP" name="com.ddf.test.LoginTest.loginTest_v1" tests="3" failures="0" timestamp="2021-10-09T11:47:31 IST" time="231.176" errors="0">
  <testcase name="testTwo" time="80.149" classname="com.ddf.test.LoginTest.loginTest_v1"/>
  <system-out/>
  <testcase name="testOne" time="79.158" classname="com.ddf.test.LoginTest.loginTest_v1"/>
  <system-out/>
  <testcase name="testThree" time="71.869" classname="com.ddf.test.LoginTest.loginTest_v1"/>
  <system-out/>
</testsuite> <!-- com.ddf.test.LoginTest.loginTest_v1 -->
